c:\users\yachianli\desktop\hw2_release\cg_hw2\debug\vc120.pdb
c:\users\yachianli\desktop\hw2_release\cg_hw2\debug\vc120.idb
c:\users\yachianli\desktop\hw2_release\cg_hw2\debug\glm.obj
c:\users\yachianli\desktop\hw2_release\cg_hw2\debug\glmimg.obj
c:\users\yachianli\desktop\hw2_release\cg_hw2\debug\glmimg_devil.obj
c:\users\yachianli\desktop\hw2_release\cg_hw2\debug\glmimg_jpg.obj
c:\users\yachianli\desktop\hw2_release\cg_hw2\debug\glmimg_png.obj
c:\users\yachianli\desktop\hw2_release\cg_hw2\debug\glmimg_sdl.obj
c:\users\yachianli\desktop\hw2_release\cg_hw2\debug\glmimg_sim.obj
c:\users\yachianli\desktop\hw2_release\cg_hw2\debug\glm_util.obj
c:\users\yachianli\desktop\hw2_release\cg_hw2\debug\glm_helper.obj
c:\users\yachianli\desktop\hw2_release\cg_hw2\debug\main.obj
c:\users\yachianli\desktop\hw2_release\debug\cg_hw2.ilk
c:\users\yachianli\desktop\hw2_release\debug\cg_hw2.exe
c:\users\yachianli\desktop\hw2_release\cg_hw2\debug\cg_hw2.tlog\cl.command.1.tlog
c:\users\yachianli\desktop\hw2_release\cg_hw2\debug\cg_hw2.tlog\cl.read.1.tlog
c:\users\yachianli\desktop\hw2_release\cg_hw2\debug\cg_hw2.tlog\cl.write.1.tlog
c:\users\yachianli\desktop\hw2_release\cg_hw2\debug\cg_hw2.tlog\link.command.1.tlog
c:\users\yachianli\desktop\hw2_release\cg_hw2\debug\cg_hw2.tlog\link.read.1.tlog
c:\users\yachianli\desktop\hw2_release\cg_hw2\debug\cg_hw2.tlog\link.write.1.tlog
