Build started 2018/11/2 12:51:05.
     1>Project "C:\Users\YaChianLi\Desktop\hw2_release\GLSL_example\GLSL_example.vcxproj" on node 2 (Build target(s)).
     1>ClCompile:
         C:\Program Files (x86)\Microsoft Visual Studio 12.0\VC\bin\x86_amd64\CL.exe /c /Zi /nologo /W3 /WX- /sdl /Od /D _MBCS /Gm /EHsc /RTC1 /MDd /GS /fp:precise /Zc:wchar_t /Zc:forScope /Fo"x64\Debug\\" /Fd"x64\Debug\vc120.pdb" /Gd /TP /errorReport:prompt main.cpp
         main.cpp
       Link:
         C:\Program Files (x86)\Microsoft Visual Studio 12.0\VC\bin\x86_amd64\link.exe /ERRORREPORT:PROMPT /OUT:"C:\Users\YaChianLi\Desktop\hw2_release\x64\Debug\GLSL_example.exe" /INCREMENTAL /NOLOGO ../GL/glut32.lib ../GL/glew32.lib kernel32.lib user32.lib gdi32.lib winspool.lib comdlg32.lib advapi32.lib shell32.lib ole32.lib oleaut32.lib uuid.lib odbc32.lib odbccp32.lib /MANIFEST /MANIFESTUAC:"level='asInvoker' uiAccess='false'" /manifest:embed /PDB:"C:\Users\YaChianLi\Desktop\hw2_release\x64\Debug\GLSL_example.pdb" /TLBID:1 /DYNAMICBASE /NXCOMPAT /IMPLIB:"C:\Users\YaChianLi\Desktop\hw2_release\x64\Debug\GLSL_example.lib" /MACHINE:X64 x64\Debug\main.obj
     1>main.obj : error LNK2019: unresolved external symbol __imp_glewInit referenced in function main
     1>main.obj : error LNK2019: unresolved external symbol glutInit referenced in function main
     1>main.obj : error LNK2019: unresolved external symbol glutInitDisplayMode referenced in function main
     1>main.obj : error LNK2019: unresolved external symbol glutMainLoop referenced in function main
     1>main.obj : error LNK2019: unresolved external symbol glutCreateWindow referenced in function main
     1>main.obj : error LNK2019: unresolved external symbol glutPostRedisplay referenced in function "void __cdecl idle(void)" (?idle@@YAXXZ)
     1>main.obj : error LNK2019: unresolved external symbol glutSwapBuffers referenced in function "void __cdecl display(void)" (?display@@YAXXZ)
     1>main.obj : error LNK2019: unresolved external symbol glutReshapeWindow referenced in function main
     1>main.obj : error LNK2019: unresolved external symbol glutDisplayFunc referenced in function main
     1>main.obj : error LNK2019: unresolved external symbol glutReshapeFunc referenced in function main
     1>main.obj : error LNK2019: unresolved external symbol glutKeyboardFunc referenced in function main
     1>main.obj : error LNK2019: unresolved external symbol glutIdleFunc referenced in function main
     1>main.obj : error LNK2001: unresolved external symbol __imp___glewBindBuffer
     1>main.obj : error LNK2001: unresolved external symbol __imp___glewBufferData
     1>main.obj : error LNK2001: unresolved external symbol __imp___glewGenBuffers
     1>main.obj : error LNK2001: unresolved external symbol __imp___glewAttachShader
     1>main.obj : error LNK2001: unresolved external symbol __imp___glewCompileShader
     1>main.obj : error LNK2001: unresolved external symbol __imp___glewCreateProgram
     1>main.obj : error LNK2001: unresolved external symbol __imp___glewCreateShader
     1>main.obj : error LNK2001: unresolved external symbol __imp___glewDeleteProgram
     1>main.obj : error LNK2001: unresolved external symbol __imp___glewDeleteShader
     1>main.obj : error LNK2001: unresolved external symbol __imp___glewDetachShader
     1>main.obj : error LNK2001: unresolved external symbol __imp___glewEnableVertexAttribArray
     1>main.obj : error LNK2001: unresolved external symbol __imp___glewGetProgramInfoLog
     1>main.obj : error LNK2001: unresolved external symbol __imp___glewGetProgramiv
     1>main.obj : error LNK2001: unresolved external symbol __imp___glewGetShaderInfoLog
     1>main.obj : error LNK2001: unresolved external symbol __imp___glewGetShaderiv
     1>main.obj : error LNK2001: unresolved external symbol __imp___glewLinkProgram
     1>main.obj : error LNK2001: unresolved external symbol __imp___glewShaderSource
     1>main.obj : error LNK2001: unresolved external symbol __imp___glewUseProgram
     1>main.obj : error LNK2001: unresolved external symbol __imp___glewVertexAttribPointer
     1>C:\Users\YaChianLi\Desktop\hw2_release\x64\Debug\GLSL_example.exe : fatal error LNK1120: 31 unresolved externals
     1>Done Building Project "C:\Users\YaChianLi\Desktop\hw2_release\GLSL_example\GLSL_example.vcxproj" (Build target(s)) -- FAILED.

Build FAILED.

Time Elapsed 00:00:01.29
